{
  "RSpec": {
    "coverage": {
      "/Users/rolenle/Projects/mcenroe/app/controllers/sessions_controller.rb": [
        1,
        1,
        3,
        3,
        3,
        3,
        null,
        null,
        1,
        1,
        1,
        null,
        null
      ],
      "/Users/rolenle/Projects/mcenroe/app/controllers/application_controller.rb": [
        1,
        null,
        null,
        1,
        1,
        null,
        1,
        null,
        1,
        11,
        null,
        null
      ],
      "/Users/rolenle/Projects/mcenroe/spec/controllers/users_controller_spec.rb": [
        1,
        null,
        1,
        null,
        1,
        1,
        1,
        1,
        null,
        null,
        null,
        null
      ],
      "/Users/rolenle/Projects/mcenroe/app/controllers/users_controller.rb": [
        1,
        1,
        null,
        null,
        1,
        1,
        null,
        null
      ],
      "/Users/rolenle/Projects/mcenroe/spec/features/any_user_can_see_a_specific_users_profile_spec.rb": [
        1,
        null,
        1,
        1,
        1,
        1,
        1,
        1,
        null,
        null
      ],
      "/Users/rolenle/Projects/mcenroe/spec/features/user_can_login_spec.rb": [
        1,
        null,
        1,
        1,
        1,
        1,
        1,
        1,
        1,
        null,
        null,
        1,
        1,
        1,
        1,
        1,
        null,
        null
      ],
      "/Users/rolenle/Projects/mcenroe/spec/features/user_can_start_a_game_spec.rb": [
        1,
        null,
        1,
        1,
        1,
        1,
        null,
        null
      ],
      "/Users/rolenle/Projects/mcenroe/spec/helpers/sessions_helper_spec.rb": [
        1,
        null,
        null,
        null,
        null,
        null,
        null,
        null,
        null,
        null,
        null,
        null,
        1,
        null
      ],
      "/Users/rolenle/Projects/mcenroe/spec/helpers/users_helper_spec.rb": [
        1,
        null,
        null,
        null,
        null,
        null,
        null,
        null,
        null,
        null,
        null,
        null,
        1,
        null
      ],
      "/Users/rolenle/Projects/mcenroe/spec/models/game_spec.rb": [
        1,
        null,
        1,
        1,
        3,
        null,
        1,
        1,
        null,
        1,
        1,
        1,
        null,
        1,
        null,
        null,
        1,
        1,
        1,
        1,
        1,
        null,
        1,
        1,
        null,
        null
      ],
      "/Users/rolenle/Projects/mcenroe/app/models/game.rb": [
        1,
        1,
        1,
        null,
        null,
        1,
        3,
        null,
        null,
        1,
        1,
        null,
        null
      ],
      "/Users/rolenle/Projects/mcenroe/spec/models/player_spec.rb": [
        1,
        null,
        1,
        null
      ],
      "/Users/rolenle/Projects/mcenroe/app/models/player.rb": [
        1,
        1,
        1,
        null
      ],
      "/Users/rolenle/Projects/mcenroe/spec/models/user_spec.rb": [
        1,
        null,
        1,
        1,
        1,
        1,
        1,
        1,
        1,
        1,
        1,
        1,
        1,
        null,
        null,
        1,
        1,
        1,
        1,
        1,
        1,
        1,
        1,
        1,
        1,
        1,
        null,
        null,
        1,
        1,
        1,
        1,
        null,
        1,
        null,
        1,
        1,
        null,
        null,
        1,
        1,
        1,
        1,
        null,
        1,
        1,
        1,
        null,
        1,
        1,
        null,
        1,
        1,
        null,
        1,
        1,
        1,
        1,
        1,
        null,
        null,
        null
      ],
      "/Users/rolenle/Projects/mcenroe/app/models/user.rb": [
        1,
        1,
        1,
        null,
        1,
        11,
        null,
        null,
        11,
        null,
        null,
        null,
        null,
        null,
        null,
        11,
        null,
        null,
        1,
        4,
        null,
        null,
        1,
        2,
        null,
        null
      ],
      "/Users/rolenle/Projects/mcenroe/spec/views/users/index.html.erb_spec.rb": [
        1,
        null,
        1,
        null
      ]
    },
    "timestamp": 1391615033
  }
}
