{
  "RSpec": {
    "coverage": {
      "/Users/rolenle/Projects/mcenroe/app/models/game.rb": [
        1,
        1,
        1,
        null,
        null,
        1,
        3,
        null,
        null,
        1,
        1,
        null,
        null
      ],
      "/Users/rolenle/Projects/mcenroe/app/models/user.rb": [
        1,
        1,
        1,
        null,
        1,
        2,
        null,
        null,
        2,
        null,
        null,
        null,
        null,
        null,
        null,
        2,
        null,
        null,
        1,
        0,
        null,
        null,
        1,
        0,
        null,
        null
      ],
      "/Users/rolenle/Projects/mcenroe/app/models/player.rb": [
        1,
        1,
        1,
        null
      ]
    },
    "timestamp": 1391566141
  }
}
